  App.cpp
c:\program files (x86)\microsoft directx sdk (june 2010)\include\dxgitype.h(12): warning C4005: 'DXGI_STATUS_OCCLUDED': マクロが再定義されました。
  C:\Program Files (x86)\Windows Kits\10\Include\10.0.14393.0\shared\winerror.h(52391): note: 'DXGI_STATUS_OCCLUDED' の以前の定義を確認してください
c:\program files (x86)\microsoft directx sdk (june 2010)\include\dxgitype.h(13): warning C4005: 'DXGI_STATUS_CLIPPED': マクロが再定義されました。
  C:\Program Files (x86)\Windows Kits\10\Include\10.0.14393.0\shared\winerror.h(52400): note: 'DXGI_STATUS_CLIPPED' の以前の定義を確認してください
c:\program files (x86)\microsoft directx sdk (june 2010)\include\dxgitype.h(14): warning C4005: 'DXGI_STATUS_NO_REDIRECTION': マクロが再定義されました。
  C:\Program Files (x86)\Windows Kits\10\Include\10.0.14393.0\shared\winerror.h(52409): note: 'DXGI_STATUS_NO_REDIRECTION' の以前の定義を確認してください
c:\program files (x86)\microsoft directx sdk (june 2010)\include\dxgitype.h(15): warning C4005: 'DXGI_STATUS_NO_DESKTOP_ACCESS': マクロが再定義されました。
  C:\Program Files (x86)\Windows Kits\10\Include\10.0.14393.0\shared\winerror.h(52418): note: 'DXGI_STATUS_NO_DESKTOP_ACCESS' の以前の定義を確認してください
c:\program files (x86)\microsoft directx sdk (june 2010)\include\dxgitype.h(16): warning C4005: 'DXGI_STATUS_GRAPHICS_VIDPN_SOURCE_IN_USE': マクロが再定義されました。
  C:\Program Files (x86)\Windows Kits\10\Include\10.0.14393.0\shared\winerror.h(52427): note: 'DXGI_STATUS_GRAPHICS_VIDPN_SOURCE_IN_USE' の以前の定義を確認してください
c:\program files (x86)\microsoft directx sdk (june 2010)\include\dxgitype.h(17): warning C4005: 'DXGI_STATUS_MODE_CHANGED': マクロが再定義されました。
  C:\Program Files (x86)\Windows Kits\10\Include\10.0.14393.0\shared\winerror.h(52436): note: 'DXGI_STATUS_MODE_CHANGED' の以前の定義を確認してください
c:\program files (x86)\microsoft directx sdk (june 2010)\include\dxgitype.h(18): warning C4005: 'DXGI_STATUS_MODE_CHANGE_IN_PROGRESS': マクロが再定義されました。
  C:\Program Files (x86)\Windows Kits\10\Include\10.0.14393.0\shared\winerror.h(52445): note: 'DXGI_STATUS_MODE_CHANGE_IN_PROGRESS' の以前の定義を確認してください
c:\program files (x86)\microsoft directx sdk (june 2010)\include\dxgitype.h(21): warning C4005: 'DXGI_ERROR_INVALID_CALL': マクロが再定義されました。
  C:\Program Files (x86)\Windows Kits\10\Include\10.0.14393.0\shared\winerror.h(52460): note: 'DXGI_ERROR_INVALID_CALL' の以前の定義を確認してください
c:\program files (x86)\microsoft directx sdk (june 2010)\include\dxgitype.h(22): warning C4005: 'DXGI_ERROR_NOT_FOUND': マクロが再定義されました。
  C:\Program Files (x86)\Windows Kits\10\Include\10.0.14393.0\shared\winerror.h(52469): note: 'DXGI_ERROR_NOT_FOUND' の以前の定義を確認してください
c:\program files (x86)\microsoft directx sdk (june 2010)\include\dxgitype.h(23): warning C4005: 'DXGI_ERROR_MORE_DATA': マクロが再定義されました。
  C:\Program Files (x86)\Windows Kits\10\Include\10.0.14393.0\shared\winerror.h(52478): note: 'DXGI_ERROR_MORE_DATA' の以前の定義を確認してください
c:\program files (x86)\microsoft directx sdk (june 2010)\include\dxgitype.h(24): warning C4005: 'DXGI_ERROR_UNSUPPORTED': マクロが再定義されました。
  C:\Program Files (x86)\Windows Kits\10\Include\10.0.14393.0\shared\winerror.h(52487): note: 'DXGI_ERROR_UNSUPPORTED' の以前の定義を確認してください
c:\program files (x86)\microsoft directx sdk (june 2010)\include\dxgitype.h(25): warning C4005: 'DXGI_ERROR_DEVICE_REMOVED': マクロが再定義されました。
  C:\Program Files (x86)\Windows Kits\10\Include\10.0.14393.0\shared\winerror.h(52496): note: 'DXGI_ERROR_DEVICE_REMOVED' の以前の定義を確認してください
c:\program files (x86)\microsoft directx sdk (june 2010)\include\dxgitype.h(26): warning C4005: 'DXGI_ERROR_DEVICE_HUNG': マクロが再定義されました。
  C:\Program Files (x86)\Windows Kits\10\Include\10.0.14393.0\shared\winerror.h(52505): note: 'DXGI_ERROR_DEVICE_HUNG' の以前の定義を確認してください
c:\program files (x86)\microsoft directx sdk (june 2010)\include\dxgitype.h(27): warning C4005: 'DXGI_ERROR_DEVICE_RESET': マクロが再定義されました。
  C:\Program Files (x86)\Windows Kits\10\Include\10.0.14393.0\shared\winerror.h(52515): note: 'DXGI_ERROR_DEVICE_RESET' の以前の定義を確認してください
c:\program files (x86)\microsoft directx sdk (june 2010)\include\dxgitype.h(28): warning C4005: 'DXGI_ERROR_WAS_STILL_DRAWING': マクロが再定義されました。
  C:\Program Files (x86)\Windows Kits\10\Include\10.0.14393.0\shared\winerror.h(52524): note: 'DXGI_ERROR_WAS_STILL_DRAWING' の以前の定義を確認してください
c:\program files (x86)\microsoft directx sdk (june 2010)\include\dxgitype.h(29): warning C4005: 'DXGI_ERROR_FRAME_STATISTICS_DISJOINT': マクロが再定義されました。
  C:\Program Files (x86)\Windows Kits\10\Include\10.0.14393.0\shared\winerror.h(52534): note: 'DXGI_ERROR_FRAME_STATISTICS_DISJOINT' の以前の定義を確認してください
c:\program files (x86)\microsoft directx sdk (june 2010)\include\dxgitype.h(30): warning C4005: 'DXGI_ERROR_GRAPHICS_VIDPN_SOURCE_IN_USE': マクロが再定義されました。
  C:\Program Files (x86)\Windows Kits\10\Include\10.0.14393.0\shared\winerror.h(52543): note: 'DXGI_ERROR_GRAPHICS_VIDPN_SOURCE_IN_USE' の以前の定義を確認してください
c:\program files (x86)\microsoft directx sdk (june 2010)\include\dxgitype.h(31): warning C4005: 'DXGI_ERROR_DRIVER_INTERNAL_ERROR': マクロが再定義されました。
  C:\Program Files (x86)\Windows Kits\10\Include\10.0.14393.0\shared\winerror.h(52553): note: 'DXGI_ERROR_DRIVER_INTERNAL_ERROR' の以前の定義を確認してください
c:\program files (x86)\microsoft directx sdk (june 2010)\include\dxgitype.h(32): warning C4005: 'DXGI_ERROR_NONEXCLUSIVE': マクロが再定義されました。
  C:\Program Files (x86)\Windows Kits\10\Include\10.0.14393.0\shared\winerror.h(52562): note: 'DXGI_ERROR_NONEXCLUSIVE' の以前の定義を確認してください
c:\program files (x86)\microsoft directx sdk (june 2010)\include\dxgitype.h(33): warning C4005: 'DXGI_ERROR_NOT_CURRENTLY_AVAILABLE': マクロが再定義されました。
  C:\Program Files (x86)\Windows Kits\10\Include\10.0.14393.0\shared\winerror.h(52571): note: 'DXGI_ERROR_NOT_CURRENTLY_AVAILABLE' の以前の定義を確認してください
c:\program files (x86)\microsoft directx sdk (june 2010)\include\dxgitype.h(34): warning C4005: 'DXGI_ERROR_REMOTE_CLIENT_DISCONNECTED': マクロが再定義されました。
  C:\Program Files (x86)\Windows Kits\10\Include\10.0.14393.0\shared\winerror.h(52581): note: 'DXGI_ERROR_REMOTE_CLIENT_DISCONNECTED' の以前の定義を確認してください
c:\program files (x86)\microsoft directx sdk (june 2010)\include\dxgitype.h(35): warning C4005: 'DXGI_ERROR_REMOTE_OUTOFMEMORY': マクロが再定義されました。
  C:\Program Files (x86)\Windows Kits\10\Include\10.0.14393.0\shared\winerror.h(52590): note: 'DXGI_ERROR_REMOTE_OUTOFMEMORY' の以前の定義を確認してください
C:\Program Files (x86)\Microsoft DirectX SDK (June 2010)\Include\d3d11.h(917): warning C4005: 'D3D11_ERROR_TOO_MANY_UNIQUE_STATE_OBJECTS': マクロが再定義されました。
  C:\Program Files (x86)\Windows Kits\10\Include\10.0.14393.0\shared\winerror.h(52795): note: 'D3D11_ERROR_TOO_MANY_UNIQUE_STATE_OBJECTS' の以前の定義を確認してください
C:\Program Files (x86)\Microsoft DirectX SDK (June 2010)\Include\d3d11.h(918): warning C4005: 'D3D11_ERROR_FILE_NOT_FOUND': マクロが再定義されました。
  C:\Program Files (x86)\Windows Kits\10\Include\10.0.14393.0\shared\winerror.h(52804): note: 'D3D11_ERROR_FILE_NOT_FOUND' の以前の定義を確認してください
C:\Program Files (x86)\Microsoft DirectX SDK (June 2010)\Include\d3d11.h(919): warning C4005: 'D3D11_ERROR_TOO_MANY_UNIQUE_VIEW_OBJECTS': マクロが再定義されました。
  C:\Program Files (x86)\Windows Kits\10\Include\10.0.14393.0\shared\winerror.h(52814): note: 'D3D11_ERROR_TOO_MANY_UNIQUE_VIEW_OBJECTS' の以前の定義を確認してください
C:\Program Files (x86)\Microsoft DirectX SDK (June 2010)\Include\d3d11.h(920): warning C4005: 'D3D11_ERROR_DEFERRED_CONTEXT_MAP_WITHOUT_INITIAL_DISCARD': マクロが再定義されました。
  C:\Program Files (x86)\Windows Kits\10\Include\10.0.14393.0\shared\winerror.h(52823): note: 'D3D11_ERROR_DEFERRED_CONTEXT_MAP_WITHOUT_INITIAL_DISCARD' の以前の定義を確認してください
c:\program files (x86)\microsoft directx sdk (june 2010)\include\d3d10.h(608): warning C4005: 'D3D10_ERROR_TOO_MANY_UNIQUE_STATE_OBJECTS': マクロが再定義されました。
  C:\Program Files (x86)\Windows Kits\10\Include\10.0.14393.0\shared\winerror.h(52771): note: 'D3D10_ERROR_TOO_MANY_UNIQUE_STATE_OBJECTS' の以前の定義を確認してください
c:\program files (x86)\microsoft directx sdk (june 2010)\include\d3d10.h(609): warning C4005: 'D3D10_ERROR_FILE_NOT_FOUND': マクロが再定義されました。
  C:\Program Files (x86)\Windows Kits\10\Include\10.0.14393.0\shared\winerror.h(52780): note: 'D3D10_ERROR_FILE_NOT_FOUND' の以前の定義を確認してください
D:\MorishimaLab\MetalFlake\Programs\Procedural_Multiscale_Materials_ver2\Headers\App.h(75): warning C4324: 'App::ConstantBuffer': アラインメント指定子のために構造体がパッドされました
D:\MorishimaLab\MetalFlake\Programs\Procedural_Multiscale_Materials_ver2\Headers\App.h(76): warning C4324: 'App::ConstantBuffer': アラインメント指定子のために構造体がパッドされました
D:\MorishimaLab\MetalFlake\Programs\Procedural_Multiscale_Materials_ver2\Headers\App.h(77): warning C4324: 'App::ConstantBuffer': アラインメント指定子のために構造体がパッドされました
D:\MorishimaLab\MetalFlake\Programs\Procedural_Multiscale_Materials_ver2\Headers\App.h(78): warning C4324: 'App::ConstantBuffer': アラインメント指定子のために構造体がパッドされました
D:\MorishimaLab\MetalFlake\Programs\Procedural_Multiscale_Materials_ver2\Headers\App.h(79): warning C4324: 'App::ConstantBuffer': アラインメント指定子のために構造体がパッドされました
D:\MorishimaLab\MetalFlake\Programs\Procedural_Multiscale_Materials_ver2\Headers\App.h(80): warning C4324: 'App::ConstantBuffer': アラインメント指定子のために構造体がパッドされました
D:\MorishimaLab\MetalFlake\Programs\Procedural_Multiscale_Materials_ver2\Headers\App.h(81): warning C4324: 'App::ConstantBuffer': アラインメント指定子のために構造体がパッドされました
D:\MorishimaLab\MetalFlake\Programs\Procedural_Multiscale_Materials_ver2\Headers\App.h(82): warning C4324: 'App::ConstantBuffer': アラインメント指定子のために構造体がパッドされました
D:\MorishimaLab\MetalFlake\Programs\Procedural_Multiscale_Materials_ver2\Headers\App.h(83): warning C4324: 'App::ConstantBuffer': アラインメント指定子のために構造体がパッドされました
Sources\App.cpp(118): warning C4305: 'return': 'HRESULT' から 'bool' へ切り詰めます。
Sources\App.cpp(467): warning C4838: 'double' から 'float' への変換には縮小変換が必要です
Sources\App.cpp(467): warning C4305: '初期化中': 'double' から 'float' へ切り詰めます。
Sources\App.cpp(626): warning C4244: '=': 'double' から 'float' への変換です。データが失われる可能性があります。
Sources\App.cpp(641): warning C4305: '-=': 'double' から 'float' へ切り詰めます。
Sources\App.cpp(563): warning C4996: 'sprintf': This function or variable may be unsafe. Consider using sprintf_s instead. To disable deprecation, use _CRT_SECURE_NO_WARNINGS. See online help for details.
  C:\Program Files (x86)\Windows Kits\10\Include\10.0.14393.0\ucrt\stdio.h(1769): note: 'sprintf' の宣言を確認してください
Sources\App.cpp(586): warning C4996: 'sprintf': This function or variable may be unsafe. Consider using sprintf_s instead. To disable deprecation, use _CRT_SECURE_NO_WARNINGS. See online help for details.
  C:\Program Files (x86)\Windows Kits\10\Include\10.0.14393.0\ucrt\stdio.h(1769): note: 'sprintf' の宣言を確認してください
Sources\App.cpp(601): warning C4996: 'sprintf': This function or variable may be unsafe. Consider using sprintf_s instead. To disable deprecation, use _CRT_SECURE_NO_WARNINGS. See online help for details.
  C:\Program Files (x86)\Windows Kits\10\Include\10.0.14393.0\ucrt\stdio.h(1769): note: 'sprintf' の宣言を確認してください
Sources\App.cpp(627): warning C4996: 'sprintf': This function or variable may be unsafe. Consider using sprintf_s instead. To disable deprecation, use _CRT_SECURE_NO_WARNINGS. See online help for details.
  C:\Program Files (x86)\Windows Kits\10\Include\10.0.14393.0\ucrt\stdio.h(1769): note: 'sprintf' の宣言を確認してください
Sources\App.cpp(643): warning C4996: 'sprintf': This function or variable may be unsafe. Consider using sprintf_s instead. To disable deprecation, use _CRT_SECURE_NO_WARNINGS. See online help for details.
  C:\Program Files (x86)\Windows Kits\10\Include\10.0.14393.0\ucrt\stdio.h(1769): note: 'sprintf' の宣言を確認してください
Sources\App.cpp(658): warning C4996: 'sprintf': This function or variable may be unsafe. Consider using sprintf_s instead. To disable deprecation, use _CRT_SECURE_NO_WARNINGS. See online help for details.
  C:\Program Files (x86)\Windows Kits\10\Include\10.0.14393.0\ucrt\stdio.h(1769): note: 'sprintf' の宣言を確認してください
Sources\App.cpp(683): warning C4996: 'sprintf': This function or variable may be unsafe. Consider using sprintf_s instead. To disable deprecation, use _CRT_SECURE_NO_WARNINGS. See online help for details.
  C:\Program Files (x86)\Windows Kits\10\Include\10.0.14393.0\ucrt\stdio.h(1769): note: 'sprintf' の宣言を確認してください
  コード生成しています。
  2 of 575 functions ( 0.3%) were compiled, the rest were copied from previous compilation.
    0 functions were new in current compilation
    2 functions had inline decision re-evaluated but remain unchanged
  コード生成が終了しました。
  MetalFlakes.vcxproj -> D:\MorishimaLab\MetalFlake\Programs\Procedural_Multiscale_Materials_ver2\x64\Release\Procedural_Multiscale_Materials.exe
