d:\morishimalab\metalflake\programs\procedural_multiscale_materials_ver2\x64\release\vc140.pdb
d:\morishimalab\metalflake\programs\procedural_multiscale_materials_ver2\x64\release\main.obj
d:\morishimalab\metalflake\programs\procedural_multiscale_materials_ver2\x64\release\fps.obj
d:\morishimalab\metalflake\programs\procedural_multiscale_materials_ver2\x64\release\objmeshloader.obj
d:\morishimalab\metalflake\programs\procedural_multiscale_materials_ver2\x64\release\app.obj
d:\morishimalab\metalflake\programs\procedural_multiscale_materials_ver2\x64\release\drawtexture.cso
d:\morishimalab\metalflake\programs\procedural_multiscale_materials_ver2\x64\release\procedural_multiscale_materials.exe
d:\morishimalab\metalflake\programs\procedural_multiscale_materials_ver2\x64\release\procedural_multiscale_materials.ipdb
d:\morishimalab\metalflake\programs\procedural_multiscale_materials_ver2\x64\release\procedural_multiscale_materials.iobj
d:\morishimalab\metalflake\programs\procedural_multiscale_materials_ver2\x64\release\procedural_multiscale_materials.pdb
d:\morishimalab\metalflake\programs\procedural_multiscale_materials_ver2\x64\release\procedur.8e63334c.tlog\cl.command.1.tlog
d:\morishimalab\metalflake\programs\procedural_multiscale_materials_ver2\x64\release\procedur.8e63334c.tlog\cl.read.1.tlog
d:\morishimalab\metalflake\programs\procedural_multiscale_materials_ver2\x64\release\procedur.8e63334c.tlog\cl.write.1.tlog
d:\morishimalab\metalflake\programs\procedural_multiscale_materials_ver2\x64\release\procedur.8e63334c.tlog\fxc.command.1.tlog
d:\morishimalab\metalflake\programs\procedural_multiscale_materials_ver2\x64\release\procedur.8e63334c.tlog\fxc.read.1.tlog
d:\morishimalab\metalflake\programs\procedural_multiscale_materials_ver2\x64\release\procedur.8e63334c.tlog\fxc.write.1.tlog
d:\morishimalab\metalflake\programs\procedural_multiscale_materials_ver2\x64\release\procedur.8e63334c.tlog\link.command.1.tlog
d:\morishimalab\metalflake\programs\procedural_multiscale_materials_ver2\x64\release\procedur.8e63334c.tlog\link.read.1.tlog
d:\morishimalab\metalflake\programs\procedural_multiscale_materials_ver2\x64\release\procedur.8e63334c.tlog\link.write.1.tlog
d:\morishimalab\metalflake\programs\procedural_multiscale_materials_ver2\x64\release\procedur.8e63334c.tlog\procedural_multiscale_materials.write.1u.tlog
