d:\morishimalab\metalflake\programs\procedural_multiscale_materials_ver2\x64\debug\vc140.pdb
d:\morishimalab\metalflake\programs\procedural_multiscale_materials_ver2\x64\debug\objmeshloader.obj
d:\morishimalab\metalflake\programs\procedural_multiscale_materials_ver2\x64\debug\main.obj
d:\morishimalab\metalflake\programs\procedural_multiscale_materials_ver2\x64\debug\fps.obj
d:\morishimalab\metalflake\programs\procedural_multiscale_materials_ver2\x64\debug\app.obj
d:\morishimalab\metalflake\programs\procedural_multiscale_materials_ver2\x64\debug\sphere.obj
d:\morishimalab\metalflake\programs\procedural_multiscale_materials_ver2\x64\debug\drawtexture.cso
d:\morishimalab\metalflake\programs\procedural_multiscale_materials_ver2\x64\debug\drawsky.cso
d:\morishimalab\metalflake\programs\procedural_multiscale_materials_ver2\x64\debug\drawglint.cso
d:\morishimalab\metalflake\programs\procedural_multiscale_materials_ver2\x64\debug\procedural_multiscale_materials.ilk
d:\morishimalab\metalflake\programs\procedural_multiscale_materials_ver2\x64\debug\procedural_multiscale_materials.exe
d:\morishimalab\metalflake\programs\procedural_multiscale_materials_ver2\x64\debug\procedural_multiscale_materials.pdb
d:\morishimalab\metalflake\programs\procedural_multiscale_materials_ver2\x64\debug\procedur.8e63334c.tlog\cl.command.1.tlog
d:\morishimalab\metalflake\programs\procedural_multiscale_materials_ver2\x64\debug\procedur.8e63334c.tlog\cl.read.1.tlog
d:\morishimalab\metalflake\programs\procedural_multiscale_materials_ver2\x64\debug\procedur.8e63334c.tlog\cl.write.1.tlog
d:\morishimalab\metalflake\programs\procedural_multiscale_materials_ver2\x64\debug\procedur.8e63334c.tlog\fxc.command.1.tlog
d:\morishimalab\metalflake\programs\procedural_multiscale_materials_ver2\x64\debug\procedur.8e63334c.tlog\fxc.read.1.tlog
d:\morishimalab\metalflake\programs\procedural_multiscale_materials_ver2\x64\debug\procedur.8e63334c.tlog\fxc.write.1.tlog
d:\morishimalab\metalflake\programs\procedural_multiscale_materials_ver2\x64\debug\procedur.8e63334c.tlog\link.command.1.tlog
d:\morishimalab\metalflake\programs\procedural_multiscale_materials_ver2\x64\debug\procedur.8e63334c.tlog\link.read.1.tlog
d:\morishimalab\metalflake\programs\procedural_multiscale_materials_ver2\x64\debug\procedur.8e63334c.tlog\link.write.1.tlog
d:\morishimalab\metalflake\programs\procedural_multiscale_materials_ver2\x64\debug\procedur.8e63334c.tlog\procedural_multiscale_materials.write.1u.tlog
